<?xml version="1.0" encoding="UTF-8"?>
<!-- Generated by org.testng.reporters.JUnitReportReporter -->
<testsuite hostname="DESKTOP-G162LF5" name="HSBCAssignment.DemoShop" tests="1" failures="0" timestamp="10 Oct 2020 05:24:29 GMT" time="51.772" errors="0">
  <testcase name="AddToCart" time="51.772" classname="HSBCAssignment.DemoShop"/>
</testsuite> <!-- HSBCAssignment.DemoShop -->
