<?xml version="1.0" encoding="UTF-8"?>
<!-- Generated by org.testng.reporters.JUnitReportReporter -->
<testsuite skipped="0" hostname="DESKTOP-G162LF5" name="JiraDemo.LocalHostJiraTest" tests="1" failures="0" timestamp="24 Jun 2020 15:34:54 GMT" time="189.201" errors="0">
  <testcase name="TestCase_01" time="189.201" classname="JiraDemo.LocalHostJiraTest"/>
</testsuite> <!-- JiraDemo.LocalHostJiraTest -->
