<?xml version="1.0" encoding="UTF-8"?>
<!-- Generated by org.testng.reporters.JUnitReportReporter -->
<testsuite hostname="Priya-PC" failures="0" tests="1" name="com.assertion.assignment3.HandlingTab" time="16.733" errors="0" timestamp="2020-11-02T14:33:30 IST" skipped="0">
  <testcase classname="com.assertion.assignment3.HandlingTab" name="handlingTab" time="16.733"/>
  <system-out/>
</testsuite> <!-- com.assertion.assignment3.HandlingTab -->
