<?xml version="1.0" encoding="UTF-8"?>
<!-- Generated by org.testng.reporters.JUnitReportReporter -->
<testsuite hostname="Priya-PC" failures="0" tests="5" name="com.assertion.assignment3.UsingGetAttributeCreateGoogleAc" time="0.306" errors="0" timestamp="2020-11-02T13:57:16 IST" skipped="0">
  <testcase classname="com.assertion.assignment3.UsingGetAttributeCreateGoogleAc" name="ConfirmPassword" time="0.104"/>
  <system-out/>
  <testcase classname="com.assertion.assignment3.UsingGetAttributeCreateGoogleAc" name="LastName" time="0.063"/>
  <system-out/>
  <testcase classname="com.assertion.assignment3.UsingGetAttributeCreateGoogleAc" name="Password" time="0.047"/>
  <system-out/>
  <testcase classname="com.assertion.assignment3.UsingGetAttributeCreateGoogleAc" name="UserName" time="0.038"/>
  <system-out/>
  <testcase classname="com.assertion.assignment3.UsingGetAttributeCreateGoogleAc" name="FirstName" time="0.054"/>
  <system-out/>
</testsuite> <!-- com.assertion.assignment3.UsingGetAttributeCreateGoogleAc -->
