<?xml version="1.0" encoding="UTF-8"?>
<!-- Generated by org.testng.reporters.JUnitReportReporter -->
<testsuite hostname="Priya-PC" failures="0" tests="1" name="com.testng.assignment1.WithoutSenkeys" time="3.299" errors="0" timestamp="2020-11-03T15:42:15 IST" skipped="0">
  <testcase classname="com.testng.assignment1.WithoutSenkeys" name="WithoutSenkeysM" time="3.299"/>
  <system-out/>
</testsuite> <!-- com.testng.assignment1.WithoutSenkeys -->
