<?xml version="1.0" encoding="UTF-8"?>
<!-- Generated by org.testng.reporters.JUnitReportReporter -->
<testsuite hostname="Priya-PC" failures="0" tests="1" name="com.testng.assignment1.BootstrapDropdown" time="6.900" errors="0" timestamp="2020-11-03T15:39:44 IST" skipped="0">
  <testcase classname="com.testng.assignment1.BootstrapDropdown" name="BootstrapDropdownmethod" time="6.900"/>
  <system-out/>
</testsuite> <!-- com.testng.assignment1.BootstrapDropdown -->
