<?xml version="1.0" encoding="UTF-8"?>
<!-- Generated by org.testng.reporters.JUnitReportReporter -->
<testsuite hostname="ENECORP-BTG-CM2" failures="0" tests="3" name="SeleniumAssignment.ParameterByDataprovider" time="11.803" errors="0" timestamp="2020-10-29T01:09:53 IST" skipped="0">
  <testcase classname="SeleniumAssignment.ParameterByDataprovider" name="testMethod" time="3.454"/>
  <system-out/>
  <testcase classname="SeleniumAssignment.ParameterByDataprovider" name="testMethod" time="4.829"/>
  <system-out/>
  <testcase classname="SeleniumAssignment.ParameterByDataprovider" name="testMethod" time="3.520"/>
  <system-out/>
</testsuite> <!-- SeleniumAssignment.ParameterByDataprovider -->
