<?xml version="1.0" encoding="UTF-8"?>
<!-- Generated by org.testng.reporters.JUnitReportReporter -->
<testsuite hostname="Priya-PC" failures="0" tests="1" name="com.assertion.assignment3.ScreenshotWebPage" time="14.264" errors="0" timestamp="2020-11-02T14:15:12 IST" skipped="0">
  <testcase classname="com.assertion.assignment3.ScreenshotWebPage" name="CaptureScreenShot" time="14.264"/>
  <system-out/>
</testsuite> <!-- com.assertion.assignment3.ScreenshotWebPage -->
