<?xml version="1.0" encoding="UTF-8"?>
<!-- Generated by org.testng.reporters.JUnitReportReporter -->
<testsuite hostname="Priya-PC" failures="0" tests="1" name="SeleniumAssignment.DragDropOperation" time="3.881" errors="0" timestamp="2020-11-03T15:35:53 IST" skipped="0">
  <testcase classname="SeleniumAssignment.DragDropOperation" name="DragnDrop" time="3.881"/>
  <system-out/>
</testsuite> <!-- SeleniumAssignment.DragDropOperation -->
