<?xml version="1.0" encoding="UTF-8"?>
<!-- Generated by org.testng.reporters.JUnitReportReporter -->
<testsuite hostname="Priya-PC" failures="0" tests="1" name="com.testng.assignment1.ReadProperty" time="7.909" errors="0" timestamp="2020-11-03T17:16:25 IST" skipped="0">
  <testcase classname="com.testng.assignment1.ReadProperty" name="signIn" time="7.909"/>
  <system-out/>
</testsuite> <!-- com.testng.assignment1.ReadProperty -->
