<?xml version="1.0" encoding="UTF-8"?>
<!-- Generated by org.testng.reporters.JUnitReportReporter -->
<testsuite hostname="Priya-PC" failures="0" tests="3" name="com.reportnparameterization.assignment2.ParameterByDataprovider" time="10.050" errors="0" timestamp="2020-11-03T16:36:14 IST" skipped="0">
  <testcase classname="com.reportnparameterization.assignment2.ParameterByDataprovider" name="testMethod" time="3.342"/>
  <system-out/>
  <testcase classname="com.reportnparameterization.assignment2.ParameterByDataprovider" name="testMethod" time="3.244"/>
  <system-out/>
  <testcase classname="com.reportnparameterization.assignment2.ParameterByDataprovider" name="testMethod" time="3.464"/>
  <system-out/>
</testsuite> <!-- com.reportnparameterization.assignment2.ParameterByDataprovider -->
