<?xml version="1.0" encoding="UTF-8"?>
<!-- Generated by org.testng.reporters.JUnitReportReporter -->
<testsuite hostname="Priya-PC" failures="0" tests="1" name="com.assertion.assignment3.VerifingForTwoDifferantAreas" time="13.491" errors="0" timestamp="2020-11-02T14:22:34 IST" skipped="0">
  <testcase classname="com.assertion.assignment3.VerifingForTwoDifferantAreas" name="verifyPinForAreas" time="13.491"/>
  <system-out/>
</testsuite> <!-- com.assertion.assignment3.VerifingForTwoDifferantAreas -->
