<?xml version="1.0" encoding="UTF-8"?>
<!-- Generated by org.testng.reporters.JUnitReportReporter -->
<testsuite hostname="ENECORP-BTG-CM2" failures="0" tests="1" name="HSBCAssignment.DragAndDrop" time="34.143" errors="0" timestamp="22 Oct 2020 12:31:14 GMT">
  <testcase classname="HSBCAssignment.DragAndDrop" name="DragnDrop" time="34.143"/>
</testsuite> <!-- HSBCAssignment.DragAndDrop -->
