<?xml version="1.0" encoding="UTF-8"?>
<!-- Generated by org.testng.reporters.JUnitReportReporter -->
<testsuite hostname="ENECORP-BTG-CM2" failures="0" tests="7" name="HSBCAssignment.DragDropOperation" time="94.609" errors="0" timestamp="23 Oct 2020 08:12:40 GMT">
  <testcase classname="HSBCAssignment.DragDropOperation" name="GoogleSearchWebpage" time="6.510"/>
  <testcase classname="HSBCAssignment.DragDropOperation" name="SetSizeWindow" time="2.253"/>
  <testcase classname="HSBCAssignment.DragDropOperation" name="DragnDrop" time="7.202"/>
  <testcase classname="HSBCAssignment.DragDropOperation" name="BootstrapDropdown" time="57.837"/>
  <testcase classname="HSBCAssignment.DragDropOperation" name="WithoutSenkeys" time="1.581"/>
  <testcase classname="HSBCAssignment.DragDropOperation" name="PopUPScript" time="11.041"/>
  <testcase classname="HSBCAssignment.DragDropOperation" name="ScrollScript" time="8.185"/>
</testsuite> <!-- HSBCAssignment.DragDropOperation -->
