<?xml version="1.0" encoding="UTF-8"?>
<!-- Generated by org.testng.reporters.JUnitReportReporter -->
<testsuite hostname="ENECORP-BTG-CM2" failures="0" tests="1" name="SeleniumAssignment.LearnAssertion" time="62.001" errors="0" timestamp="2020-10-27T21:00:42 IST" skipped="0">
  <testcase classname="SeleniumAssignment.LearnAssertion" name="verifyLogo" time="62.001"/>
  <system-out/>
</testsuite> <!-- SeleniumAssignment.LearnAssertion -->
