<?xml version="1.0" encoding="UTF-8"?>
<!-- Generated by org.testng.reporters.JUnitReportReporter -->
<testsuite hostname="ENECORP-BTG-CM2" failures="0" tests="1" name="HSBCAssignment.ShoppingDemo" time="14.115" errors="0" timestamp="15 Oct 2020 10:50:43 GMT">
  <testcase classname="HSBCAssignment.ShoppingDemo" name="ShoppingCart" time="14.115"/>
</testsuite> <!-- HSBCAssignment.ShoppingDemo -->
