<?xml version="1.0" encoding="UTF-8"?>
<!-- Generated by org.testng.reporters.JUnitReportReporter -->
<testsuite hostname="Priya-PC" failures="0" tests="1" name="SeleniumAssignment.ExtentReport" time="18.620" errors="0" timestamp="2020-10-30T12:25:34 IST" skipped="0">
  <testcase classname="SeleniumAssignment.ExtentReport" name="extentReportsDemo" time="18.620"/>
  <system-out/>
</testsuite> <!-- SeleniumAssignment.ExtentReport -->
