<?xml version="1.0" encoding="UTF-8"?>
<!-- Generated by org.testng.reporters.JUnitReportReporter -->
<testsuite hostname="Priya-PC" failures="0" tests="1" name="com.reportnparameterization.assignment2.ExtentReport" time="13.237" errors="0" timestamp="2020-11-03T16:35:42 IST" skipped="0">
  <testcase classname="com.reportnparameterization.assignment2.ExtentReport" name="extentReportsDemo" time="13.237"/>
  <system-out/>
</testsuite> <!-- com.reportnparameterization.assignment2.ExtentReport -->
